<?xml version="1.0" encoding="UTF-8"?>
<!-- Generated by org.testng.reporters.JUnitXMLReporter -->
<testsuite hostname="LP-PC0MQFYK" ignored="0" name="Test" tests="4" failures="1" timestamp="25 Feb 2018 15:31:17 GMT" time="0.083" errors="0">
  <testcase name="m" time="0.015" classname="com.seleniumdemo.TestDemo">
    <failure type="java.lang.AssertionError" message="expected [AviG] but found [Avi]">
      <![CDATA[java.lang.AssertionError: expected [AviG] but found [Avi]
	at com.seleniumdemo.TestDemo.m(TestDemo.java:12)
... Removed 35 stack frames]]>
    </failure>
  </testcase> <!-- m -->
  <testcase name="m1" time="0.001" classname="com.seleniumdemo.TestDemo"/>
  <testcase name="m" time="0.0" classname="demo.demo"/>
  <testcase name="m1" time="0.0" classname="demo.demo"/>
</testsuite> <!-- Test -->
