<?xml version="1.0" encoding="UTF-8"?>
<testng-results skipped="0" failed="0" ignored="0" total="1" passed="1">
  <reporter-output>
  </reporter-output>
  <suite name="Default suite" duration-ms="17021" started-at="2018-02-28T14:36:19Z" finished-at="2018-02-28T14:36:36Z">
    <groups>
    </groups>
    <test name="Default test" duration-ms="17021" started-at="2018-02-28T14:36:19Z" finished-at="2018-02-28T14:36:36Z">
      <class name="SeleniumGrid.Grid_Demo">
        <test-method status="PASS" signature="Grid()[pri:0, instance:SeleniumGrid.Grid_Demo@66a3ffec]" name="Grid" duration-ms="17004" started-at="2018-02-28T20:06:19Z" finished-at="2018-02-28T20:06:36Z">
          <reporter-output>
          </reporter-output>
        </test-method> <!-- Grid -->
      </class> <!-- SeleniumGrid.Grid_Demo -->
    </test> <!-- Default test -->
  </suite> <!-- Default suite -->
</testng-results>
